<?xml version="1.0" encoding="UTF-8"?>
<testsuite xmlns:xsi="http://www.w3.org/2001/XMLSchema-instance" xsi:noNamespaceSchemaLocation="https://maven.apache.org/surefire/maven-surefire-plugin/xsd/surefire-test-report.xsd" name="edu.sc.bse3211.meetingplanner.MeetingTest" time="0.002" tests="10" errors="0" skipped="0" failures="0">
  <properties>
[...]
</properties>
  <testcase name="testGettersAndSetters" classname="edu.sc.bse3211.meetingplanner.MeetingTest" time="0"/>
  <testcase name="testConstructorForWholeDay" classname="edu.sc.bse3211.meetingplanner.MeetingTest" time="0"/>
  <testcase name="testAddAttendee" classname="edu.sc.bse3211.meetingplanner.MeetingTest" time="0"/>
  <testcase name="testToString" classname="edu.sc.bse3211.meetingplanner.MeetingTest" time="0"/>
  <testcase name="testDetailedConstructor" classname="edu.sc.bse3211.meetingplanner.MeetingTest" time="0"/>
  <testcase name="ConstructorForWholeDayWithInvalidMonth" classname="edu.sc.bse3211.meetingplanner.MeetingTest" time="0.001"/>
  <testcase name="testConstructorWithDescription" classname="edu.sc.bse3211.meetingplanner.MeetingTest" time="0"/>
  <testcase name="detailedConstructorWithInvalidTimeRange" classname="edu.sc.bse3211.meetingplanner.MeetingTest" time="0"/>
  <testcase name="testRemoveAttendee" classname="edu.sc.bse3211.meetingplanner.MeetingTest" time="0"/>
  <testcase name="testDefaultConstructor" classname="edu.sc.bse3211.meetingplanner.MeetingTest" time="0"/>
</testsuite>